TN:
SF:index.js
FN:24,(anonymous_0)
FN:33,(anonymous_1)
FN:39,(anonymous_2)
FN:78,(anonymous_3)
FNF:4
FNH:4
FNDA:1,(anonymous_0)
FNDA:1,(anonymous_1)
FNDA:3,(anonymous_2)
FNDA:4,(anonymous_3)
DA:1,1
DA:2,1
DA:3,1
DA:4,1
DA:5,1
DA:6,1
DA:7,1
DA:8,1
DA:9,1
DA:10,1
DA:11,1
DA:12,1
DA:13,1
DA:14,1
DA:15,1
DA:16,1
DA:17,1
DA:18,1
DA:19,1
DA:20,1
DA:24,1
DA:25,1
DA:26,1
DA:33,1
DA:34,1
DA:35,1
DA:39,1
DA:40,3
DA:41,3
DA:42,3
DA:43,3
DA:69,3
DA:70,2
DA:71,2
DA:73,1
DA:74,1
DA:78,1
DA:79,4
DA:80,4
DA:81,3
DA:82,3
DA:95,2
DA:96,1
DA:100,1
DA:102,1
DA:105,1
DA:106,1
DA:110,1
DA:111,1
DA:112,1
DA:115,1
LF:51
LH:51
BRDA:80,0,0,3
BRDA:80,0,1,1
BRDA:95,1,0,1
BRDA:95,1,1,1
BRF:4
BRH:4
end_of_record
TN:
SF:middlewares/authentication.js
FN:3,checkForAuthenticationCookie
FN:4,(anonymous_1)
FNF:2
FNH:2
FNDA:1,checkForAuthenticationCookie
FNDA:47,(anonymous_1)
DA:1,1
DA:4,1
DA:5,47
DA:6,47
DA:7,29
DA:10,18
DA:11,18
DA:13,17
DA:14,17
DA:17,1
DA:20,18
DA:24,1
LF:12
LH:12
BRDA:6,0,0,29
BRDA:6,0,1,18
BRF:2
BRH:2
end_of_record
TN:
SF:middlewares/authorization.js
FN:4,loginRequired
FN:5,(anonymous_1)
FNF:2
FNH:2
FNDA:7,loginRequired
FNDA:16,(anonymous_1)
DA:1,1
DA:2,1
DA:5,7
DA:6,16
DA:7,16
DA:8,1
DA:10,15
DA:11,15
DA:12,14
DA:13,14
DA:15,1
DA:16,1
DA:21,1
LF:13
LH:13
BRDA:7,0,0,1
BRDA:7,0,1,15
BRF:2
BRH:2
end_of_record
TN:
SF:models/post.js
FNF:0
FNH:0
DA:1,1
DA:3,1
DA:17,1
DA:54,1
DA:56,1
LF:5
LH:5
BRF:0
BRH:0
end_of_record
TN:
SF:models/user.js
FN:40,(anonymous_0)
FN:58,(anonymous_1)
FN:77,(anonymous_2)
FN:84,(anonymous_3)
FNF:4
FNH:4
FNDA:1,(anonymous_0)
FNDA:3,(anonymous_1)
FNDA:1,(anonymous_2)
FNDA:3,(anonymous_3)
DA:1,1
DA:2,1
DA:3,1
DA:5,1
DA:40,1
DA:41,1
DA:43,1
DA:45,1
DA:46,1
DA:50,1
DA:51,1
DA:53,1
DA:56,1
DA:59,3
DA:60,3
DA:62,2
DA:63,2
DA:65,2
DA:69,2
DA:70,1
DA:72,1
DA:73,1
DA:77,1
DA:79,1
DA:80,1
DA:81,1
DA:84,1
DA:85,3
DA:88,1
DA:90,1
LF:30
LH:30
BRDA:43,0,0,0
BRDA:43,0,1,1
BRDA:60,1,0,1
BRDA:60,1,1,2
BRDA:69,2,0,1
BRDA:69,2,1,1
BRDA:85,3,0,3
BRDA:85,3,1,2
BRF:8
BRH:7
end_of_record
TN:
SF:routes/post.js
FN:14,(anonymous_0)
FN:44,(anonymous_1)
FN:65,(anonymous_2)
FN:91,(anonymous_3)
FN:97,(anonymous_4)
FNF:5
FNH:5
FNDA:3,(anonymous_0)
FNDA:1,(anonymous_1)
FNDA:1,(anonymous_2)
FNDA:1,(anonymous_3)
FNDA:3,(anonymous_4)
DA:1,1
DA:2,1
DA:3,1
DA:4,1
DA:5,1
DA:6,1
DA:7,1
DA:9,1
DA:11,1
DA:15,3
DA:16,3
DA:18,3
DA:20,3
DA:22,2
DA:23,1
DA:27,1
DA:32,1
DA:34,1
DA:36,1
DA:38,1
DA:39,1
DA:44,1
DA:45,1
DA:46,1
DA:55,0
DA:60,1
DA:61,1
DA:65,1
DA:66,1
DA:69,1
DA:72,1
DA:75,1
DA:77,1
DA:79,1
DA:88,1
DA:91,1
DA:92,1
DA:97,1
DA:98,3
DA:99,3
DA:100,3
DA:102,3
DA:104,2
DA:105,0
DA:108,2
DA:110,2
DA:112,1
DA:113,1
DA:114,1
DA:117,1
DA:118,1
DA:119,1
DA:122,1
DA:123,1
DA:127,1
LF:55
LH:53
BRDA:22,0,0,1
BRDA:22,0,1,1
BRDA:56,1,0,0
BRDA:56,1,1,0
BRDA:104,2,0,0
BRDA:104,2,1,2
BRDA:110,3,0,1
BRDA:110,3,1,1
BRF:8
BRH:5
end_of_record
TN:
SF:routes/profile.js
FN:11,(anonymous_0)
FN:23,(anonymous_1)
FN:34,(anonymous_2)
FN:48,(anonymous_3)
FN:62,(anonymous_4)
FNF:5
FNH:5
FNDA:2,(anonymous_0)
FNDA:2,(anonymous_1)
FNDA:2,(anonymous_2)
FNDA:3,(anonymous_3)
FNDA:3,(anonymous_4)
DA:1,1
DA:2,1
DA:3,1
DA:4,1
DA:5,1
DA:6,1
DA:7,1
DA:9,1
DA:11,1
DA:12,2
DA:13,2
DA:16,1
DA:18,1
DA:19,1
DA:23,1
DA:24,2
DA:25,2
DA:26,2
DA:27,1
DA:29,1
DA:30,1
DA:34,1
DA:35,2
DA:36,2
DA:37,2
DA:38,1
DA:39,1
DA:41,1
DA:43,1
DA:44,1
DA:48,1
DA:49,3
DA:50,3
DA:51,3
DA:52,2
DA:53,1
DA:55,1
DA:57,1
DA:58,1
DA:62,1
DA:63,3
DA:64,3
DA:66,3
DA:68,3
DA:79,2
DA:80,1
DA:83,1
DA:85,1
DA:86,1
DA:90,1
LF:50
LH:50
BRDA:52,0,0,1
BRDA:52,0,1,1
BRDA:79,1,0,1
BRDA:79,1,1,1
BRF:4
BRH:4
end_of_record
TN:
SF:routes/user.js
FN:10,(anonymous_0)
FN:14,(anonymous_1)
FN:39,(anonymous_2)
FN:53,(anonymous_3)
FN:57,(anonymous_4)
FN:61,(anonymous_5)
FN:65,(anonymous_6)
FN:90,(anonymous_7)
FNF:8
FNH:8
FNDA:1,(anonymous_0)
FNDA:2,(anonymous_1)
FNDA:2,(anonymous_2)
FNDA:1,(anonymous_3)
FNDA:1,(anonymous_4)
FNDA:1,(anonymous_5)
FNDA:3,(anonymous_6)
FNDA:4,(anonymous_7)
DA:1,1
DA:2,1
DA:3,1
DA:4,1
DA:5,1
DA:6,1
DA:8,1
DA:10,1
DA:11,1
DA:14,1
DA:15,2
DA:17,2
DA:18,2
DA:19,0
DA:21,0
DA:24,2
DA:25,2
DA:31,1
DA:33,1
DA:39,1
DA:40,2
DA:41,2
DA:42,2
DA:44,1
DA:47,1
DA:53,1
DA:54,1
DA:57,1
DA:58,1
DA:61,1
DA:62,1
DA:65,1
DA:66,3
DA:67,3
DA:68,3
DA:69,2
DA:71,1
DA:77,1
DA:78,1
DA:79,1
DA:81,1
DA:83,1
DA:84,1
DA:90,1
DA:91,4
DA:92,4
DA:93,4
DA:94,3
DA:96,2
DA:102,1
DA:103,1
DA:104,1
DA:105,1
DA:107,1
DA:108,1
DA:115,1
LF:56
LH:54
BRDA:18,0,0,0
BRDA:18,0,1,2
BRDA:69,1,0,1
BRDA:69,1,1,1
BRDA:94,2,0,2
BRDA:94,2,1,1
BRDA:94,3,0,3
BRDA:94,3,1,2
BRF:8
BRH:7
end_of_record
TN:
SF:services/S3_Upload.js
FN:18,uploadFileToS3
FN:37,deleteFileFromS3
FN:56,deleteFile
FN:57,(anonymous_3)
FNF:4
FNH:4
FNDA:1,uploadFileToS3
FNDA:1,deleteFileFromS3
FNDA:1,deleteFile
FNDA:1,(anonymous_3)
DA:5,1
DA:6,1
DA:7,1
DA:9,1
DA:19,1
DA:20,1
DA:21,1
DA:27,1
DA:28,1
DA:29,1
DA:31,1
DA:33,0
DA:34,0
DA:39,1
DA:40,1
DA:42,1
DA:47,1
DA:48,1
DA:49,1
DA:51,0
DA:52,0
DA:57,1
DA:58,1
DA:59,0
DA:61,1
DA:66,1
LF:26
LH:21
BRDA:58,0,0,0
BRDA:58,0,1,1
BRF:2
BRH:1
end_of_record
TN:
SF:services/authentication.js
FN:6,createTokenForUser
FN:16,validateToken
FNF:2
FNH:2
FNDA:1,createTokenForUser
FNDA:18,validateToken
DA:1,1
DA:3,1
DA:4,1
DA:7,1
DA:12,1
DA:13,1
DA:17,18
DA:18,17
DA:21,1
LF:9
LH:9
BRF:0
BRH:0
end_of_record
TN:
SF:services/connectToDb.js
FN:3,connect
FNF:1
FNH:1
FNDA:4,connect
DA:1,1
DA:4,4
DA:5,4
DA:9,1
LF:4
LH:4
BRDA:4,0,0,4
BRDA:4,0,1,0
BRF:2
BRH:1
end_of_record
TN:
SF:services/sendOtpMail.js
FN:5,sendOTP
FNF:1
FNH:1
FNDA:1,sendOTP
DA:1,1
DA:3,1
DA:6,1
DA:16,1
DA:23,1
DA:25,1
DA:27,1
DA:30,1
LF:8
LH:8
BRF:0
BRH:0
end_of_record
